I, [2019-05-20T22:48:07.387007 #18475]  INFO -- : [3cb06ee4-dabe-4975-84a0-91584d846c79] Started GET "/" for 127.0.0.1 at 2019-05-20 22:48:07 +0700
I, [2019-05-20T22:48:07.389162 #18475]  INFO -- : [3cb06ee4-dabe-4975-84a0-91584d846c79] Processing by StaticPagesController#home as HTML
I, [2019-05-20T22:48:07.409447 #18475]  INFO -- : [3cb06ee4-dabe-4975-84a0-91584d846c79]   Rendering static_pages/home.html.erb within layouts/application
I, [2019-05-20T22:48:07.416312 #18475]  INFO -- : [3cb06ee4-dabe-4975-84a0-91584d846c79]   Rendered static_pages/home.html.erb within layouts/application (6.6ms)
I, [2019-05-20T22:48:07.416601 #18475]  INFO -- : [3cb06ee4-dabe-4975-84a0-91584d846c79] Completed 500 Internal Server Error in 27ms
F, [2019-05-20T22:48:07.417478 #18475] FATAL -- : [3cb06ee4-dabe-4975-84a0-91584d846c79]   
F, [2019-05-20T22:48:07.417548 #18475] FATAL -- : [3cb06ee4-dabe-4975-84a0-91584d846c79] ActionView::Template::Error (The asset "rails.png" is not present in the asset pipeline.):
F, [2019-05-20T22:48:07.417677 #18475] FATAL -- : [3cb06ee4-dabe-4975-84a0-91584d846c79]      9:   <%= link_to t(".sign_up"), signup_path, class: "btn btn-lg btn-primary" %>
[3cb06ee4-dabe-4975-84a0-91584d846c79]     10: </div>
[3cb06ee4-dabe-4975-84a0-91584d846c79]     11: 
[3cb06ee4-dabe-4975-84a0-91584d846c79]     12: <%= link_to image_tag("rails.png", alt: "Rails logo"),
[3cb06ee4-dabe-4975-84a0-91584d846c79]     13:   "http://rubyonrails.org/" %>
F, [2019-05-20T22:48:07.417724 #18475] FATAL -- : [3cb06ee4-dabe-4975-84a0-91584d846c79]   
F, [2019-05-20T22:48:07.417766 #18475] FATAL -- : [3cb06ee4-dabe-4975-84a0-91584d846c79] app/views/static_pages/home.html.erb:12:in `_app_views_static_pages_home_html_erb__260072023740360429_69999611964480'
I, [2019-05-20T22:48:07.467951 #18475]  INFO -- : [434c0deb-c8a9-4f34-a718-feae0928c91f] Started GET "/favicon.ico" for 127.0.0.1 at 2019-05-20 22:48:07 +0700
F, [2019-05-20T22:48:07.468410 #18475] FATAL -- : [434c0deb-c8a9-4f34-a718-feae0928c91f]   
F, [2019-05-20T22:48:07.468453 #18475] FATAL -- : [434c0deb-c8a9-4f34-a718-feae0928c91f] ActionController::RoutingError (No route matches [GET] "/favicon.ico"):
F, [2019-05-20T22:48:07.468473 #18475] FATAL -- : [434c0deb-c8a9-4f34-a718-feae0928c91f]   
F, [2019-05-20T22:48:07.468495 #18475] FATAL -- : [434c0deb-c8a9-4f34-a718-feae0928c91f] actionpack (5.2.3) lib/action_dispatch/middleware/debug_exceptions.rb:65:in `call'
[434c0deb-c8a9-4f34-a718-feae0928c91f] actionpack (5.2.3) lib/action_dispatch/middleware/show_exceptions.rb:33:in `call'
[434c0deb-c8a9-4f34-a718-feae0928c91f] railties (5.2.3) lib/rails/rack/logger.rb:38:in `call_app'
[434c0deb-c8a9-4f34-a718-feae0928c91f] railties (5.2.3) lib/rails/rack/logger.rb:26:in `block in call'
[434c0deb-c8a9-4f34-a718-feae0928c91f] activesupport (5.2.3) lib/active_support/tagged_logging.rb:71:in `block in tagged'
[434c0deb-c8a9-4f34-a718-feae0928c91f] activesupport (5.2.3) lib/active_support/tagged_logging.rb:28:in `tagged'
[434c0deb-c8a9-4f34-a718-feae0928c91f] activesupport (5.2.3) lib/active_support/tagged_logging.rb:71:in `tagged'
[434c0deb-c8a9-4f34-a718-feae0928c91f] railties (5.2.3) lib/rails/rack/logger.rb:26:in `call'
[434c0deb-c8a9-4f34-a718-feae0928c91f] actionpack (5.2.3) lib/action_dispatch/middleware/remote_ip.rb:81:in `call'
[434c0deb-c8a9-4f34-a718-feae0928c91f] actionpack (5.2.3) lib/action_dispatch/middleware/request_id.rb:27:in `call'
[434c0deb-c8a9-4f34-a718-feae0928c91f] rack (2.0.7) lib/rack/method_override.rb:22:in `call'
[434c0deb-c8a9-4f34-a718-feae0928c91f] rack (2.0.7) lib/rack/runtime.rb:22:in `call'
[434c0deb-c8a9-4f34-a718-feae0928c91f] activesupport (5.2.3) lib/active_support/cache/strategy/local_cache_middleware.rb:29:in `call'
[434c0deb-c8a9-4f34-a718-feae0928c91f] actionpack (5.2.3) lib/action_dispatch/middleware/executor.rb:14:in `call'
[434c0deb-c8a9-4f34-a718-feae0928c91f] rack (2.0.7) lib/rack/sendfile.rb:111:in `call'
[434c0deb-c8a9-4f34-a718-feae0928c91f] railties (5.2.3) lib/rails/engine.rb:524:in `call'
[434c0deb-c8a9-4f34-a718-feae0928c91f] puma (3.12.1) lib/puma/configuration.rb:227:in `call'
[434c0deb-c8a9-4f34-a718-feae0928c91f] puma (3.12.1) lib/puma/server.rb:660:in `handle_request'
[434c0deb-c8a9-4f34-a718-feae0928c91f] puma (3.12.1) lib/puma/server.rb:474:in `process_client'
[434c0deb-c8a9-4f34-a718-feae0928c91f] puma (3.12.1) lib/puma/server.rb:334:in `block in run'
[434c0deb-c8a9-4f34-a718-feae0928c91f] puma (3.12.1) lib/puma/thread_pool.rb:135:in `block in spawn_thread'
I, [2019-05-20T22:48:08.630788 #18475]  INFO -- : [7518b04d-ea59-4a6a-bab9-da8f1ab6aa7a] Started GET "/" for 127.0.0.1 at 2019-05-20 22:48:08 +0700
I, [2019-05-20T22:48:08.632313 #18475]  INFO -- : [7518b04d-ea59-4a6a-bab9-da8f1ab6aa7a] Processing by StaticPagesController#home as HTML
I, [2019-05-20T22:48:08.635303 #18475]  INFO -- : [7518b04d-ea59-4a6a-bab9-da8f1ab6aa7a]   Rendering static_pages/home.html.erb within layouts/application
I, [2019-05-20T22:48:08.636662 #18475]  INFO -- : [7518b04d-ea59-4a6a-bab9-da8f1ab6aa7a]   Rendered static_pages/home.html.erb within layouts/application (1.1ms)
I, [2019-05-20T22:48:08.636815 #18475]  INFO -- : [7518b04d-ea59-4a6a-bab9-da8f1ab6aa7a] Completed 500 Internal Server Error in 4ms
F, [2019-05-20T22:48:08.637248 #18475] FATAL -- : [7518b04d-ea59-4a6a-bab9-da8f1ab6aa7a]   
F, [2019-05-20T22:48:08.637275 #18475] FATAL -- : [7518b04d-ea59-4a6a-bab9-da8f1ab6aa7a] ActionView::Template::Error (The asset "rails.png" is not present in the asset pipeline.):
F, [2019-05-20T22:48:08.637357 #18475] FATAL -- : [7518b04d-ea59-4a6a-bab9-da8f1ab6aa7a]      9:   <%= link_to t(".sign_up"), signup_path, class: "btn btn-lg btn-primary" %>
[7518b04d-ea59-4a6a-bab9-da8f1ab6aa7a]     10: </div>
[7518b04d-ea59-4a6a-bab9-da8f1ab6aa7a]     11: 
[7518b04d-ea59-4a6a-bab9-da8f1ab6aa7a]     12: <%= link_to image_tag("rails.png", alt: "Rails logo"),
[7518b04d-ea59-4a6a-bab9-da8f1ab6aa7a]     13:   "http://rubyonrails.org/" %>
F, [2019-05-20T22:48:08.637385 #18475] FATAL -- : [7518b04d-ea59-4a6a-bab9-da8f1ab6aa7a]   
F, [2019-05-20T22:48:08.637411 #18475] FATAL -- : [7518b04d-ea59-4a6a-bab9-da8f1ab6aa7a] app/views/static_pages/home.html.erb:12:in `_app_views_static_pages_home_html_erb__260072023740360429_69999611964480'
I, [2019-05-20T22:48:09.180875 #18475]  INFO -- : [86c0b190-6f09-4b50-a0d9-1f67202f0702] Started GET "/" for 127.0.0.1 at 2019-05-20 22:48:09 +0700
I, [2019-05-20T22:48:09.182457 #18475]  INFO -- : [86c0b190-6f09-4b50-a0d9-1f67202f0702] Processing by StaticPagesController#home as HTML
I, [2019-05-20T22:48:09.185239 #18475]  INFO -- : [86c0b190-6f09-4b50-a0d9-1f67202f0702]   Rendering static_pages/home.html.erb within layouts/application
I, [2019-05-20T22:48:09.188204 #18475]  INFO -- : [86c0b190-6f09-4b50-a0d9-1f67202f0702]   Rendered static_pages/home.html.erb within layouts/application (2.6ms)
I, [2019-05-20T22:48:09.188555 #18475]  INFO -- : [86c0b190-6f09-4b50-a0d9-1f67202f0702] Completed 500 Internal Server Error in 6ms
F, [2019-05-20T22:48:09.190404 #18475] FATAL -- : [86c0b190-6f09-4b50-a0d9-1f67202f0702]   
F, [2019-05-20T22:48:09.190515 #18475] FATAL -- : [86c0b190-6f09-4b50-a0d9-1f67202f0702] ActionView::Template::Error (The asset "rails.png" is not present in the asset pipeline.):
F, [2019-05-20T22:48:09.190765 #18475] FATAL -- : [86c0b190-6f09-4b50-a0d9-1f67202f0702]      9:   <%= link_to t(".sign_up"), signup_path, class: "btn btn-lg btn-primary" %>
[86c0b190-6f09-4b50-a0d9-1f67202f0702]     10: </div>
[86c0b190-6f09-4b50-a0d9-1f67202f0702]     11: 
[86c0b190-6f09-4b50-a0d9-1f67202f0702]     12: <%= link_to image_tag("rails.png", alt: "Rails logo"),
[86c0b190-6f09-4b50-a0d9-1f67202f0702]     13:   "http://rubyonrails.org/" %>
F, [2019-05-20T22:48:09.190844 #18475] FATAL -- : [86c0b190-6f09-4b50-a0d9-1f67202f0702]   
F, [2019-05-20T22:48:09.190934 #18475] FATAL -- : [86c0b190-6f09-4b50-a0d9-1f67202f0702] app/views/static_pages/home.html.erb:12:in `_app_views_static_pages_home_html_erb__260072023740360429_69999611964480'
I, [2019-05-20T22:48:09.690691 #18475]  INFO -- : [8770a40d-ce08-414b-bb93-ad07f06214d3] Started GET "/" for 127.0.0.1 at 2019-05-20 22:48:09 +0700
I, [2019-05-20T22:48:09.691408 #18475]  INFO -- : [8770a40d-ce08-414b-bb93-ad07f06214d3] Processing by StaticPagesController#home as HTML
I, [2019-05-20T22:48:09.692728 #18475]  INFO -- : [8770a40d-ce08-414b-bb93-ad07f06214d3]   Rendering static_pages/home.html.erb within layouts/application
I, [2019-05-20T22:48:09.694354 #18475]  INFO -- : [8770a40d-ce08-414b-bb93-ad07f06214d3]   Rendered static_pages/home.html.erb within layouts/application (1.5ms)
I, [2019-05-20T22:48:09.694606 #18475]  INFO -- : [8770a40d-ce08-414b-bb93-ad07f06214d3] Completed 500 Internal Server Error in 3ms
F, [2019-05-20T22:48:09.696053 #18475] FATAL -- : [8770a40d-ce08-414b-bb93-ad07f06214d3]   
F, [2019-05-20T22:48:09.696171 #18475] FATAL -- : [8770a40d-ce08-414b-bb93-ad07f06214d3] ActionView::Template::Error (The asset "rails.png" is not present in the asset pipeline.):
F, [2019-05-20T22:48:09.696363 #18475] FATAL -- : [8770a40d-ce08-414b-bb93-ad07f06214d3]      9:   <%= link_to t(".sign_up"), signup_path, class: "btn btn-lg btn-primary" %>
[8770a40d-ce08-414b-bb93-ad07f06214d3]     10: </div>
[8770a40d-ce08-414b-bb93-ad07f06214d3]     11: 
[8770a40d-ce08-414b-bb93-ad07f06214d3]     12: <%= link_to image_tag("rails.png", alt: "Rails logo"),
[8770a40d-ce08-414b-bb93-ad07f06214d3]     13:   "http://rubyonrails.org/" %>
F, [2019-05-20T22:48:09.696424 #18475] FATAL -- : [8770a40d-ce08-414b-bb93-ad07f06214d3]   
F, [2019-05-20T22:48:09.696468 #18475] FATAL -- : [8770a40d-ce08-414b-bb93-ad07f06214d3] app/views/static_pages/home.html.erb:12:in `_app_views_static_pages_home_html_erb__260072023740360429_69999611964480'
I, [2019-05-20T22:48:09.875589 #18475]  INFO -- : [0499700b-2354-4be2-a0dc-b46dbe7fdc4c] Started GET "/" for 127.0.0.1 at 2019-05-20 22:48:09 +0700
I, [2019-05-20T22:48:09.876516 #18475]  INFO -- : [0499700b-2354-4be2-a0dc-b46dbe7fdc4c] Processing by StaticPagesController#home as HTML
I, [2019-05-20T22:48:09.878591 #18475]  INFO -- : [0499700b-2354-4be2-a0dc-b46dbe7fdc4c]   Rendering static_pages/home.html.erb within layouts/application
I, [2019-05-20T22:48:09.880391 #18475]  INFO -- : [0499700b-2354-4be2-a0dc-b46dbe7fdc4c]   Rendered static_pages/home.html.erb within layouts/application (1.6ms)
I, [2019-05-20T22:48:09.880669 #18475]  INFO -- : [0499700b-2354-4be2-a0dc-b46dbe7fdc4c] Completed 500 Internal Server Error in 4ms
F, [2019-05-20T22:48:09.881811 #18475] FATAL -- : [0499700b-2354-4be2-a0dc-b46dbe7fdc4c]   
F, [2019-05-20T22:48:09.881937 #18475] FATAL -- : [0499700b-2354-4be2-a0dc-b46dbe7fdc4c] ActionView::Template::Error (The asset "rails.png" is not present in the asset pipeline.):
F, [2019-05-20T22:48:09.882088 #18475] FATAL -- : [0499700b-2354-4be2-a0dc-b46dbe7fdc4c]      9:   <%= link_to t(".sign_up"), signup_path, class: "btn btn-lg btn-primary" %>
[0499700b-2354-4be2-a0dc-b46dbe7fdc4c]     10: </div>
[0499700b-2354-4be2-a0dc-b46dbe7fdc4c]     11: 
[0499700b-2354-4be2-a0dc-b46dbe7fdc4c]     12: <%= link_to image_tag("rails.png", alt: "Rails logo"),
[0499700b-2354-4be2-a0dc-b46dbe7fdc4c]     13:   "http://rubyonrails.org/" %>
F, [2019-05-20T22:48:09.882139 #18475] FATAL -- : [0499700b-2354-4be2-a0dc-b46dbe7fdc4c]   
F, [2019-05-20T22:48:09.882188 #18475] FATAL -- : [0499700b-2354-4be2-a0dc-b46dbe7fdc4c] app/views/static_pages/home.html.erb:12:in `_app_views_static_pages_home_html_erb__260072023740360429_69999611964480'
